c:\users\d019386m.student.000\documents\github\applied-mathematics\physics framework\dx11physicsframework\x64\debug\vc143.pdb
c:\users\d019386m.student.000\documents\github\applied-mathematics\physics framework\dx11physicsframework\x64\debug\vector.obj
c:\users\d019386m.student.000\documents\github\applied-mathematics\physics framework\dx11physicsframework\x64\debug\transform.obj
c:\users\d019386m.student.000\documents\github\applied-mathematics\physics framework\dx11physicsframework\x64\debug\timer.obj
c:\users\d019386m.student.000\documents\github\applied-mathematics\physics framework\dx11physicsframework\x64\debug\physicsmodel.obj
c:\users\d019386m.student.000\documents\github\applied-mathematics\physics framework\dx11physicsframework\x64\debug\particlemodel.obj
c:\users\d019386m.student.000\documents\github\applied-mathematics\physics framework\dx11physicsframework\x64\debug\objloader.obj
c:\users\d019386m.student.000\documents\github\applied-mathematics\physics framework\dx11physicsframework\x64\debug\gameobject.obj
c:\users\d019386m.student.000\documents\github\applied-mathematics\physics framework\dx11physicsframework\x64\debug\main.obj
c:\users\d019386m.student.000\documents\github\applied-mathematics\physics framework\dx11physicsframework\x64\debug\ddstextureloader.obj
c:\users\d019386m.student.000\documents\github\applied-mathematics\physics framework\dx11physicsframework\x64\debug\camera.obj
c:\users\d019386m.student.000\documents\github\applied-mathematics\physics framework\dx11physicsframework\x64\debug\dx11physicsframework.obj
c:\users\d019386m.student.000\documents\github\applied-mathematics\physics framework\dx11physicsframework\x64\debug\debug.obj
c:\users\d019386m.student.000\documents\github\applied-mathematics\physics framework\dx11physicsframework\x64\debug\appearance.obj
c:\users\d019386m.student.000\documents\github\applied-mathematics\physics framework\dx11physicsframework\x64\debug\rigidbodymodel.obj
c:\users\camed\onedrive\documents\github\applied-mathematics\physics framework\dx11physicsframework\x64\debug\vc143.pdb
c:\users\camed\onedrive\documents\github\applied-mathematics\physics framework\dx11physicsframework\x64\debug\vector.obj
c:\users\camed\onedrive\documents\github\applied-mathematics\physics framework\dx11physicsframework\x64\debug\transform.obj
c:\users\camed\onedrive\documents\github\applied-mathematics\physics framework\dx11physicsframework\x64\debug\timer.obj
c:\users\camed\onedrive\documents\github\applied-mathematics\physics framework\dx11physicsframework\x64\debug\objloader.obj
c:\users\camed\onedrive\documents\github\applied-mathematics\physics framework\dx11physicsframework\x64\debug\debug.obj
c:\users\camed\onedrive\documents\github\applied-mathematics\physics framework\dx11physicsframework\x64\debug\ddstextureloader.obj
c:\users\camed\onedrive\documents\github\applied-mathematics\physics framework\dx11physicsframework\x64\debug\camera.obj
c:\users\camed\onedrive\documents\github\applied-mathematics\physics framework\dx11physicsframework\x64\debug\appearance.obj
c:\users\d019386m.student.000\documents\github\applied-mathematics\physics framework\dx11physicsframework\x64\debug\spherecollider.obj
c:\users\d019386m.student.000\documents\github\applied-mathematics\physics framework\x64\debug\dx11physicsframework.exe
c:\users\d019386m.student.000\documents\github\applied-mathematics\physics framework\dx11physicsframework\x64\debug\dx11physicsframework.ilk
c:\users\d019386m.student.000\documents\github\applied-mathematics\physics framework\x64\debug\dx11physicsframework.pdb
c:\users\d019386m.student.000\documents\github\applied-mathematics\physics framework\dx11physicsframework\x64\debug\dx11physicsframework.res
c:\users\d019386m.student.000\documents\github\applied-mathematics\physics framework\dx11physicsframework\x64\debug\dx11phys.b8ff81b5.tlog\cl.command.1.tlog
c:\users\d019386m.student.000\documents\github\applied-mathematics\physics framework\dx11physicsframework\x64\debug\dx11phys.b8ff81b5.tlog\cl.items.tlog
c:\users\d019386m.student.000\documents\github\applied-mathematics\physics framework\dx11physicsframework\x64\debug\dx11phys.b8ff81b5.tlog\cl.read.1.tlog
c:\users\d019386m.student.000\documents\github\applied-mathematics\physics framework\dx11physicsframework\x64\debug\dx11phys.b8ff81b5.tlog\cl.write.1.tlog
c:\users\d019386m.student.000\documents\github\applied-mathematics\physics framework\dx11physicsframework\x64\debug\dx11phys.b8ff81b5.tlog\link.command.1.tlog
c:\users\d019386m.student.000\documents\github\applied-mathematics\physics framework\dx11physicsframework\x64\debug\dx11phys.b8ff81b5.tlog\link.read.1.tlog
c:\users\d019386m.student.000\documents\github\applied-mathematics\physics framework\dx11physicsframework\x64\debug\dx11phys.b8ff81b5.tlog\link.write.1.tlog
c:\users\d019386m.student.000\documents\github\applied-mathematics\physics framework\dx11physicsframework\x64\debug\dx11phys.b8ff81b5.tlog\rc.command.1.tlog
c:\users\d019386m.student.000\documents\github\applied-mathematics\physics framework\dx11physicsframework\x64\debug\dx11phys.b8ff81b5.tlog\rc.read.1.tlog
c:\users\d019386m.student.000\documents\github\applied-mathematics\physics framework\dx11physicsframework\x64\debug\dx11phys.b8ff81b5.tlog\rc.write.1.tlog
